0 verbose cli C:\Program Files\nodejs\node.exe C:\Users\Dell\AppData\Roaming\npm\node_modules\npm\bin\npm-cli.js
1 info using npm@10.8.0
2 info using node@v20.12.2
3 silly config load:file:C:\Users\Dell\AppData\Roaming\npm\node_modules\npm\npmrc
4 silly config load:file:e:\Durshiskhsya\react\demo-app\.npmrc
5 silly config load:file:C:\Users\Dell\.npmrc
6 silly config load:file:C:\Users\Dell\AppData\Roaming\npm\etc\npmrc
7 verbose title npm view react-icons description dist-tags.latest homepage version time
8 verbose argv "view" "--json" "--" "react-icons" "description" "dist-tags.latest" "homepage" "version" "time"
9 verbose logfile logs-max:10 dir:e:\Durshiskhsya\react\demo-app\clean\_logs\2024-06-09T09_41_02_206Z-
10 verbose logfile e:\Durshiskhsya\react\demo-app\clean\_logs\2024-06-09T09_41_02_206Z-debug-0.log
11 silly logfile start cleaning logs, removing 2 files
12 silly logfile done cleaning log files
13 http fetch GET 200 https://registry.npmjs.org/react-icons 726ms (cache revalidated)
14 verbose cwd e:\Durshiskhsya\react\demo-app
15 verbose os Windows_NT 10.0.19045
16 verbose node v20.12.2
17 verbose npm  v10.8.0
18 verbose exit 0
19 info ok
